2025-01-09 09:49:55 INFO  Logs4j:34 - Test started: runScenario
2025-01-09 09:50:10 INFO  Logs4j:34 - Test passed: runScenario
2025-01-10 12:25:19 INFO  Logs4j:34 - Test started: runScenario
2025-01-10 12:25:30 INFO  Logs4j:34 - Navigated to login page
2025-01-10 12:25:30 INFO  Logs4j:34 - Logging in .......
2025-01-10 12:25:33 ERROR Logs4j:52 - Test failed: runScenario
2025-01-10 12:25:33 ERROR Logs4j:52 - Test failed: runScenario
2025-01-10 12:25:57 INFO  Logs4j:34 - Test started: runScenario
2025-01-10 12:26:02 INFO  Logs4j:34 - Navigated to login page
2025-01-10 12:26:02 INFO  Logs4j:34 - Logging in .......
2025-01-10 12:26:04 INFO  Logs4j:34 - Click item .....
2025-01-10 12:26:06 INFO  Logs4j:34 - Add item to cart .......
2025-01-10 12:26:06 INFO  Logs4j:34 - Item Added to cat .......
2025-01-10 12:26:10 INFO  Logs4j:34 - Assert Item available .......
2025-01-10 12:26:12 INFO  Logs4j:34 - Enter details .......
2025-01-10 12:26:13 INFO  Logs4j:34 - Test passed: runScenario
2025-01-12 13:19:21 INFO  Logs4j:34 - Test started: runScenario
2025-01-12 13:19:33 ERROR Logs4j:52 - Test failed: runScenario
2025-01-12 13:19:33 ERROR Logs4j:52 - Test failed: runScenario
2025-01-12 13:35:02 INFO  Logs4j:34 - Test started: runScenario
2025-01-12 13:35:08 INFO  Logs4j:34 - Navigated to login page
2025-01-12 13:35:09 INFO  Logs4j:34 - Logging in .......
2025-01-12 13:35:12 INFO  Logs4j:34 - Click item .....
2025-01-12 13:35:14 INFO  Logs4j:34 - Add item to cart .......
2025-01-12 13:35:14 INFO  Logs4j:34 - Item Added to cat .......
2025-01-12 13:35:18 INFO  Logs4j:34 - Assert Item available .......
2025-01-12 13:35:21 INFO  Logs4j:34 - Enter details .......
2025-01-12 13:35:22 INFO  Logs4j:34 - Test passed: runScenario
2025-01-12 14:04:28 INFO  Logs4j:34 - Test started: runScenario
2025-01-12 14:04:38 INFO  Logs4j:34 - Navigated to login page
2025-01-12 14:04:38 INFO  Logs4j:34 - Logging in .......
2025-01-12 14:04:41 INFO  Logs4j:34 - Click item .....
2025-01-12 14:04:43 INFO  Logs4j:34 - Add item to cart .......
2025-01-12 14:04:43 INFO  Logs4j:34 - Item Added to cat .......
2025-01-12 14:04:47 INFO  Logs4j:34 - Assert Item available .......
2025-01-12 14:04:48 ERROR Logs4j:52 - Test failed: runScenario
2025-01-12 14:04:48 ERROR Logs4j:52 - Test failed: runScenario
2025-01-12 14:08:24 INFO  Logs4j:34 - Test started: runScenario
2025-01-12 14:08:30 INFO  Logs4j:34 - Navigated to login page
2025-01-12 14:08:30 INFO  Logs4j:34 - Logging in .......
2025-01-12 14:08:33 INFO  Logs4j:34 - Click item .....
2025-01-12 14:08:35 INFO  Logs4j:34 - Add item to cart .......
2025-01-12 14:08:35 INFO  Logs4j:34 - Item Added to cat .......
2025-01-12 14:08:39 INFO  Logs4j:34 - Assert Item available .......
2025-01-12 14:08:40 ERROR Logs4j:52 - Test failed: runScenario
2025-01-12 14:08:40 ERROR Logs4j:52 - Test failed: runScenario
2025-01-12 14:15:39 INFO  Logs4j:34 - Test started: runScenario
2025-01-12 14:15:47 ERROR Logs4j:52 - Test failed: runScenario
2025-01-12 14:15:47 ERROR Logs4j:52 - Test failed: runScenario
2025-01-12 14:30:25 INFO  Logs4j:34 - Test started: runScenario
2025-01-12 14:30:33 INFO  Logs4j:34 - Navigated to login page
2025-01-12 14:30:33 INFO  Logs4j:34 - Logging in .......
2025-01-12 14:30:36 INFO  Logs4j:34 - Click item .....
2025-01-12 14:30:38 INFO  Logs4j:34 - Add item to cart .......
2025-01-12 14:30:38 INFO  Logs4j:34 - Item Added to cat .......
2025-01-12 14:30:41 INFO  Logs4j:34 - Assert Item available .......
2025-01-12 14:30:42 ERROR Logs4j:52 - Test failed: runScenario
2025-01-12 14:30:42 ERROR Logs4j:52 - Test failed: runScenario
2025-01-12 14:32:21 INFO  Logs4j:34 - Test started: runScenario
2025-01-12 14:32:28 INFO  Logs4j:34 - Navigated to login page
2025-01-12 14:32:28 INFO  Logs4j:34 - Logging in .......
2025-01-12 14:32:33 INFO  Logs4j:34 - Click item .....
2025-01-12 14:32:35 INFO  Logs4j:34 - Add item to cart .......
2025-01-12 14:32:35 INFO  Logs4j:34 - Item Added to cat .......
2025-01-12 14:32:39 INFO  Logs4j:34 - Assert Item available .......
2025-01-12 14:32:42 ERROR Logs4j:52 - Test failed: runScenario
2025-01-12 14:32:42 ERROR Logs4j:52 - Test failed: runScenario
2025-01-12 14:35:52 INFO  Logs4j:34 - Test started: runScenario
2025-01-12 14:35:58 INFO  Logs4j:34 - Navigated to login page
2025-01-12 14:35:59 INFO  Logs4j:34 - Logging in .......
2025-01-12 14:36:02 INFO  Logs4j:34 - Click item .....
2025-01-12 14:36:04 INFO  Logs4j:34 - Add item to cart .......
2025-01-12 14:36:04 INFO  Logs4j:34 - Item Added to cat .......
2025-01-12 14:36:07 INFO  Logs4j:34 - Assert Item available .......
2025-01-12 14:36:08 ERROR Logs4j:52 - Test failed: runScenario
2025-01-12 14:36:08 ERROR Logs4j:52 - Test failed: runScenario
2025-01-12 14:42:16 INFO  Logs4j:34 - Test started: runScenario
2025-01-12 14:42:23 INFO  Logs4j:34 - Navigated to login page
2025-01-12 14:42:24 INFO  Logs4j:34 - Logging in .......
2025-01-12 14:42:27 INFO  Logs4j:34 - Click item .....
2025-01-12 14:42:29 INFO  Logs4j:34 - Add item to cart .......
2025-01-12 14:42:29 INFO  Logs4j:34 - Item Added to cat .......
2025-01-12 14:42:33 INFO  Logs4j:34 - Assert Item available .......
2025-01-12 14:42:34 ERROR Logs4j:52 - Test failed: runScenario
2025-01-12 14:42:34 ERROR Logs4j:52 - Test failed: runScenario
2025-01-12 14:46:21 INFO  Logs4j:34 - Test started: runScenario
2025-01-12 14:46:28 INFO  Logs4j:34 - Navigated to login page
2025-01-12 14:46:29 INFO  Logs4j:34 - Logging in .......
2025-01-12 14:46:32 INFO  Logs4j:34 - Click item .....
2025-01-12 14:46:33 INFO  Logs4j:34 - Add item to cart .......
2025-01-12 14:46:33 INFO  Logs4j:34 - Item Added to cat .......
2025-01-12 14:46:37 INFO  Logs4j:34 - Assert Item available .......
2025-01-12 14:46:40 INFO  Logs4j:34 - Enter details .......
2025-01-12 14:46:41 INFO  Logs4j:34 - Test passed: runScenario
2025-01-12 14:52:53 INFO  Logs4j:34 - Test started: runScenario
2025-01-12 14:52:59 INFO  Logs4j:34 - Navigated to login page
2025-01-12 14:53:00 INFO  Logs4j:34 - Logging in .......
2025-01-12 14:53:01 ERROR Logs4j:52 - Test failed: runScenario
2025-01-12 14:53:01 ERROR Logs4j:52 - Test failed: runScenario
2025-01-12 14:54:10 INFO  Logs4j:34 - Test started: runScenario
2025-01-12 14:54:16 INFO  Logs4j:34 - Navigated to login page
2025-01-12 14:54:16 INFO  Logs4j:34 - Logging in .......
2025-01-12 14:54:18 ERROR Logs4j:52 - Test failed: runScenario
2025-01-12 14:54:18 ERROR Logs4j:52 - Test failed: runScenario
2025-01-12 14:55:16 INFO  Logs4j:34 - Test started: runScenario
2025-01-12 14:55:22 INFO  Logs4j:34 - Navigated to login page
2025-01-12 14:55:22 INFO  Logs4j:34 - Logging in .......
2025-01-12 14:55:25 INFO  Logs4j:34 - Click item .....
2025-01-12 14:55:27 INFO  Logs4j:34 - Add item to cart .......
2025-01-12 14:55:27 INFO  Logs4j:34 - Item Added to cat .......
2025-01-12 14:55:31 INFO  Logs4j:34 - Assert Item available .......
2025-01-12 14:55:33 INFO  Logs4j:34 - Enter details .......
2025-01-12 14:55:34 INFO  Logs4j:34 - Test passed: runScenario
2025-01-12 14:55:34 INFO  Logs4j:34 - Test started: runScenario
2025-01-12 14:55:40 INFO  Logs4j:34 - Navigated to login page
2025-01-12 14:55:41 INFO  Logs4j:34 - Logging in .......
2025-01-12 14:55:43 INFO  Logs4j:34 - Click item .....
2025-01-12 14:55:45 INFO  Logs4j:34 - Add item to cart .......
2025-01-12 14:55:45 INFO  Logs4j:34 - Item Added to cat .......
2025-01-12 14:55:49 INFO  Logs4j:34 - Assert Item available .......
2025-01-12 14:55:51 ERROR Logs4j:52 - Test failed: runScenario
2025-01-12 14:55:51 ERROR Logs4j:52 - Test failed: runScenario
2025-01-12 15:01:52 INFO  Logs4j:34 - Test started: runScenario
2025-01-12 15:01:59 INFO  Logs4j:34 - Navigated to login page
2025-01-12 15:02:00 INFO  Logs4j:34 - Logging in .......
2025-01-12 15:02:06 ERROR Logs4j:52 - Test failed: runScenario
2025-01-12 15:02:06 ERROR Logs4j:52 - Test failed: runScenario
